[debug] [2024-11-25T10:44:09.414Z] ----------------------------------------------------------------------
[debug] [2024-11-25T10:44:09.415Z] Command:       /usr/local/bin/node /Users/amba/task-manager/node_modules/.bin/firebase init
[debug] [2024-11-25T10:44:09.415Z] CLI Version:   13.27.0
[debug] [2024-11-25T10:44:09.416Z] Platform:      darwin
[debug] [2024-11-25T10:44:09.416Z] Node Version:  v18.16.0
[debug] [2024-11-25T10:44:09.417Z] Time:          Mon Nov 25 2024 16:14:09 GMT+0530 (India Standard Time)
[debug] [2024-11-25T10:44:09.417Z] ----------------------------------------------------------------------
[debug] 
[debug] [2024-11-25T10:44:09.419Z] > command requires scopes: ["email","openid","https://www.googleapis.com/auth/cloudplatformprojects.readonly","https://www.googleapis.com/auth/firebase","https://www.googleapis.com/auth/cloud-platform"]
[debug] [2024-11-25T10:44:09.419Z] > authorizing via signed-in user (ambaprasadpathak@gmail.com)
[info] 
     ######## #### ########  ######## ########     ###     ######  ########
     ##        ##  ##     ## ##       ##     ##  ##   ##  ##       ##
     ######    ##  ########  ######   ########  #########  ######  ######
     ##        ##  ##    ##  ##       ##     ## ##     ##       ## ##
     ##       #### ##     ## ######## ########  ##     ##  ######  ########

You're about to initialize a Firebase project in this directory:

  /Users/amba/task-manager

[info] 
=== Project Setup
[info] 
[info] First, let's associate this project directory with a Firebase project.
[info] You can create multiple project aliases by running firebase use --add, 
[info] but for now we'll just set up a default project.
[info] 
[debug] [2024-11-25T10:45:58.652Z] Checked if tokens are valid: true, expires at: 1732535021829
[debug] [2024-11-25T10:45:58.652Z] Checked if tokens are valid: true, expires at: 1732535021829
[debug] [2024-11-25T10:45:58.655Z] >>> [apiv2][query] GET https://firebase.googleapis.com/v1beta1/projects pageSize=100
[debug] [2024-11-25T10:45:59.467Z] <<< [apiv2][status] GET https://firebase.googleapis.com/v1beta1/projects 200
[debug] [2024-11-25T10:45:59.468Z] <<< [apiv2][body] GET https://firebase.googleapis.com/v1beta1/projects [omitted]
[info] i  Using project task-manager-eb7ef (TASK-MANAGER) 
[info] 
=== Hosting Setup
[debug] [2024-11-25T10:46:09.237Z] Checked if tokens are valid: true, expires at: 1732535021829
[debug] [2024-11-25T10:46:09.237Z] Checked if tokens are valid: true, expires at: 1732535021829
[debug] [2024-11-25T10:46:09.237Z] >>> [apiv2][query] GET https://firebase.googleapis.com/v1beta1/projects/task-manager-eb7ef [none]
[debug] [2024-11-25T10:46:09.805Z] <<< [apiv2][status] GET https://firebase.googleapis.com/v1beta1/projects/task-manager-eb7ef 200
[debug] [2024-11-25T10:46:09.806Z] <<< [apiv2][body] GET https://firebase.googleapis.com/v1beta1/projects/task-manager-eb7ef {"projectId":"task-manager-eb7ef","projectNumber":"191157988858","displayName":"TASK-MANAGER","name":"projects/task-manager-eb7ef","resources":{"hostingSite":"task-manager-eb7ef"},"state":"ACTIVE","etag":"1_e1266e0d-4127-4f12-b222-a379ff148d75"}
[info] 
[info] Your public directory is the folder (relative to your project directory) that
[info] will contain Hosting assets to be uploaded with firebase deploy. If you
[info] have a build process for your assets, use your build's output directory.
[info] 
[debug] [2024-11-25T10:47:24.825Z] >>> [apiv2][query] GET https://www.gstatic.com/firebasejs/releases.json [none]
[debug] [2024-11-25T10:47:24.971Z] <<< [apiv2][status] GET https://www.gstatic.com/firebasejs/releases.json 200
[debug] [2024-11-25T10:47:24.971Z] <<< [apiv2][body] GET https://www.gstatic.com/firebasejs/releases.json {"current":{"version":"11.0.2","browserURL":"https://www.gstatic.com/firebasejs/11.0.2/firebase.js","packageURL":"https://www.gstatic.com/firebasejs/11.0.2/firebase.tgz"},"live":{"version":"11.0","browserURL":"https://www.gstatic.com/firebasejs/live/11.0/firebase.js","packageURL":"https://www.gstatic.com/firebasejs/live/11.0/firebase.tgz"},"components":{"analytics":"https://www.gstatic.com/firebasejs/11.0.2/firebase-analytics.js","app":"https://www.gstatic.com/firebasejs/11.0.2/firebase-app.js","app-check":"https://www.gstatic.com/firebasejs/11.0.2/firebase-app-check.js","auth":"https://www.gstatic.com/firebasejs/11.0.2/firebase-auth.js","auth/cordova":"https://www.gstatic.com/firebasejs/11.0.2/firebase-auth/cordova.js","auth/web-extension":"https://www.gstatic.com/firebasejs/11.0.2/firebase-auth/web-extension.js","functions":"https://www.gstatic.com/firebasejs/11.0.2/firebase-functions.js","firestore":"https://www.gstatic.com/firebasejs/11.0.2/firebase-firestore.js","firestore/lite":"https://www.gstatic.com/firebasejs/11.0.2/firebase-firestore/lite.js","installations":"https://www.gstatic.com/firebasejs/11.0.2/firebase-installations.js","storage":"https://www.gstatic.com/firebasejs/11.0.2/firebase-storage.js","performance":"https://www.gstatic.com/firebasejs/11.0.2/firebase-performance.js","remote-config":"https://www.gstatic.com/firebasejs/11.0.2/firebase-remote-config.js","messaging":"https://www.gstatic.com/firebasejs/11.0.2/firebase-messaging.js","messaging/sw":"https://www.gstatic.com/firebasejs/11.0.2/firebase-messaging/sw.js","database":"https://www.gstatic.com/firebasejs/11.0.2/firebase-database.js","vertexai":"https://www.gstatic.com/firebasejs/11.0.2/firebase-vertexai.js","data-connect":"https://www.gstatic.com/firebasejs/11.0.2/firebase-data-connect.js","firestore.memory":"https://www.gstatic.com/firebasejs/11.0.2/firebase-firestore.memory.js"}}
[info] i  Skipping write of public/index.html 
[info] 
[info] i  Detected a .git folder at /Users/amba/task-manager 
[info] i  Authorizing with GitHub to upload your service account to a GitHub repository's secrets store. 
[info] 
[info] Visit this URL on this device to log in:
[info] https://github.com/login/oauth/authorize?client_id=89cf50f02ac6aaed3484&state=82388521&redirect_uri=http%3A%2F%2Flocalhost%3A9005&scope=read%3Auser%20repo%20public_repo
[info] 
[info] Waiting for authentication...
[debug] [2024-11-25T10:47:38.281Z] >>> [apiv2][query] POST https://github.com/login/oauth/access_token [none]
[debug] [2024-11-25T10:47:38.281Z] >>> [apiv2][body] POST https://github.com/login/oauth/access_token [stream]
[debug] [2024-11-25T10:47:38.663Z] <<< [apiv2][status] POST https://github.com/login/oauth/access_token 200
[debug] [2024-11-25T10:47:38.663Z] <<< [apiv2][body] POST https://github.com/login/oauth/access_token {"access_token":"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","token_type":"bearer","scope":"read:user,repo"}
[debug] [2024-11-25T10:47:38.671Z] >>> [apiv2][query] GET https://api.github.com/user [none]
[debug] [2024-11-25T10:47:39.016Z] <<< [apiv2][status] GET https://api.github.com/user 200
[debug] [2024-11-25T10:47:39.016Z] <<< [apiv2][body] GET https://api.github.com/user {"login":"AmbaprasaPathak","id":73628339,"node_id":"MDQ6VXNlcjczNjI4MzM5","avatar_url":"https://avatars.githubusercontent.com/u/73628339?v=4","gravatar_id":"","url":"https://api.github.com/users/AmbaprasaPathak","html_url":"https://github.com/AmbaprasaPathak","followers_url":"https://api.github.com/users/AmbaprasaPathak/followers","following_url":"https://api.github.com/users/AmbaprasaPathak/following{/other_user}","gists_url":"https://api.github.com/users/AmbaprasaPathak/gists{/gist_id}","starred_url":"https://api.github.com/users/AmbaprasaPathak/starred{/owner}{/repo}","subscriptions_url":"https://api.github.com/users/AmbaprasaPathak/subscriptions","organizations_url":"https://api.github.com/users/AmbaprasaPathak/orgs","repos_url":"https://api.github.com/users/AmbaprasaPathak/repos","events_url":"https://api.github.com/users/AmbaprasaPathak/events{/privacy}","received_events_url":"https://api.github.com/users/AmbaprasaPathak/received_events","type":"User","user_view_type":"private","site_admin":false,"name":"Ambaprasad Pathak","company":null,"blog":"","location":null,"email":null,"hireable":null,"bio":"Myself Ambaprasad Pathak , I'm studying right now in Computer Engineering in Universal college of Engineering.","twitter_username":null,"notification_email":null,"public_repos":8,"public_gists":0,"followers":0,"following":0,"created_at":"2020-10-29T04:14:07Z","updated_at":"2024-11-25T10:01:56Z","private_gists":0,"total_private_repos":0,"owned_private_repos":0,"disk_usage":1724,"collaborators":0,"two_factor_authentication":false,"plan":{"name":"free","space":976562499,"collaborators":0,"private_repos":10000}}
[info] 
[info] ✔  Success! Logged into GitHub as AmbaprasaPathak 
[info] 
[debug] [2024-11-25T10:48:15.513Z] >>> [apiv2][query] GET https://api.github.com/repos//actions/secrets/public-key type=owner
[debug] [2024-11-25T10:48:15.859Z] <<< [apiv2][status] GET https://api.github.com/repos//actions/secrets/public-key 404
[debug] [2024-11-25T10:48:15.859Z] <<< [apiv2][body] GET https://api.github.com/repos//actions/secrets/public-key {"message":"Not Found","documentation_url":"https://docs.github.com/rest","status":"404"}
[info] 
[info] 
[error] ⚠  The provided authorization cannot be used with this repository. If this repository is in an organization, did you remember to grant access? 
[info] 
[info] i  Action required: Visit this URL to ensure access has been granted to the appropriate organization(s) for the Firebase CLI GitHub OAuth App: 
[info] https://github.com/settings/connections/applications/89cf50f02ac6aaed3484
[info] 
[debug] [2024-11-25T10:48:41.302Z] >>> [apiv2][query] GET https://api.github.com/repos/TaskManager/actions/secrets/public-key type=owner
[debug] [2024-11-25T10:48:41.663Z] <<< [apiv2][status] GET https://api.github.com/repos/TaskManager/actions/secrets/public-key 404
[debug] [2024-11-25T10:48:41.663Z] <<< [apiv2][body] GET https://api.github.com/repos/TaskManager/actions/secrets/public-key {"message":"Not Found","documentation_url":"https://docs.github.com/rest","status":"404"}
[info] 
[info] 
[error] ⚠  The provided authorization cannot be used with this repository. If this repository is in an organization, did you remember to grant access? 
[info] 
[info] i  Action required: Visit this URL to ensure access has been granted to the appropriate organization(s) for the Firebase CLI GitHub OAuth App: 
[info] https://github.com/settings/connections/applications/89cf50f02ac6aaed3484
[info] 
